  Lab03_3.cpp
C:\Users\kth00\Documents\GitHub\Algorithm\DS\lab3\Lab03-3\QueueType.h(115,13): warning C4305: '초기화 중': '__int64'에서 'int'(으)로 잘립니다.
  (소스 파일 '../Lab03-3/Lab03_3.cpp'을(를) 컴파일하는 중)
      C:\Users\kth00\Documents\GitHub\Algorithm\DS\lab3\Lab03-3\QueueType.h(115,13):
      템플릿 인스턴스화 컨텍스트(가장 오래된 인스턴스화 컨텍스트)가
          C:\Users\kth00\Documents\GitHub\Algorithm\DS\lab3\Lab03-3\Lab03_3.cpp(15,21):
          컴파일되는 클래스 템플릿 인스턴스화 'QueueType<task>'에 대한 참조를 확인하세요.
          C:\Users\kth00\Documents\GitHub\Algorithm\DS\lab3\Lab03-3\QueueType.h(100,59):
          클래스 템플릿 멤버 함수 'bool QueueType<task>::priority_dequeue(ItemType &)'을(를) 컴파일하는 중입니다.
          with
          [
              ItemType=task
          ]
              C:\Users\kth00\Documents\GitHub\Algorithm\DS\lab3\Lab03-3\Lab03_3.cpp(30,5):
              'main'에서 'QueueType<task>::priority_dequeue'에 대한 첫 번째 참조를 확인하세요.
  
C:\Users\kth00\Documents\GitHub\Algorithm\DS\lab3\Lab03-3\QueueType.h(115,15): warning C4309: '초기화 중': 상수 값이 잘립니다.
  (소스 파일 '../Lab03-3/Lab03_3.cpp'을(를) 컴파일하는 중)
  
C:\Users\kth00\Documents\GitHub\Algorithm\DS\lab3\Lab03-3\QueueType.h(117,17): error C2677: 이항 '>': 'ItemType' 형식을 사용하는 전역 연산자가 없거나 허용되는 변환이 없습니다.
C:\Users\kth00\Documents\GitHub\Algorithm\DS\lab3\Lab03-3\QueueType.h(117,17): error C2677:         with
C:\Users\kth00\Documents\GitHub\Algorithm\DS\lab3\Lab03-3\QueueType.h(117,17): error C2677:         [
C:\Users\kth00\Documents\GitHub\Algorithm\DS\lab3\Lab03-3\QueueType.h(117,17): error C2677:             ItemType=task
C:\Users\kth00\Documents\GitHub\Algorithm\DS\lab3\Lab03-3\QueueType.h(117,17): error C2677:         ]
  (소스 파일 '../Lab03-3/Lab03_3.cpp'을(를) 컴파일하는 중)
      C:\Program Files\Microsoft Visual Studio\2022\Community\VC\Tools\MSVC\14.41.34120\include\memory(3730,30):
      'bool std::operator >(std::nullptr_t,const std::unique_ptr<_Ty,_Dx> &)'일 수 있습니다.
          C:\Users\kth00\Documents\GitHub\Algorithm\DS\lab3\Lab03-3\QueueType.h(117,13):
          'bool std::operator >(std::nullptr_t,const std::unique_ptr<_Ty,_Dx> &)': 'ItemType'에서 'const std::unique_ptr<_Ty,_Dx> &'에 대한 템플릿 인수를 추론할 수 없습니다.
          with
          [
              ItemType=task
          ]
      C:\Program Files\Microsoft Visual Studio\2022\Community\VC\Tools\MSVC\14.41.34120\include\memory(3725,30):
      또는       'bool std::operator >(const std::unique_ptr<_Ty,_Dx> &,std::nullptr_t)'
          C:\Users\kth00\Documents\GitHub\Algorithm\DS\lab3\Lab03-3\QueueType.h(117,13):
          'bool std::operator >(const std::unique_ptr<_Ty,_Dx> &,std::nullptr_t)': 'int'에서 'const std::unique_ptr<_Ty,_Dx> &'에 대한 템플릿 인수를 추론할 수 없습니다.
      C:\Program Files\Microsoft Visual Studio\2022\Community\VC\Tools\MSVC\14.41.34120\include\memory(3658,17):
      또는       'bool std::operator >(const std::unique_ptr<_Ty,_Dx> &,const std::unique_ptr<_Ty2,_Dx2> &)'
          C:\Users\kth00\Documents\GitHub\Algorithm\DS\lab3\Lab03-3\QueueType.h(117,13):
          'bool std::operator >(const std::unique_ptr<_Ty,_Dx> &,const std::unique_ptr<_Ty2,_Dx2> &)': 'int'에서 'const std::unique_ptr<_Ty,_Dx> &'에 대한 템플릿 인수를 추론할 수 없습니다.
      C:\Program Files\Microsoft Visual Studio\2022\Community\VC\Tools\MSVC\14.41.34120\include\memory(1963,17):
      또는       'bool std::operator >(std::nullptr_t,const std::shared_ptr<_Ty> &) noexcept'
          C:\Users\kth00\Documents\GitHub\Algorithm\DS\lab3\Lab03-3\QueueType.h(117,13):
          'bool std::operator >(std::nullptr_t,const std::shared_ptr<_Ty> &) noexcept': 'ItemType'에서 'const std::shared_ptr<_Ty> &'에 대한 템플릿 인수를 추론할 수 없습니다.
          with
          [
              ItemType=task
          ]
      C:\Program Files\Microsoft Visual Studio\2022\Community\VC\Tools\MSVC\14.41.34120\include\memory(1958,17):
      또는       'bool std::operator >(const std::shared_ptr<_Ty> &,std::nullptr_t) noexcept'
          C:\Users\kth00\Documents\GitHub\Algorithm\DS\lab3\Lab03-3\QueueType.h(117,13):
          'bool std::operator >(const std::shared_ptr<_Ty> &,std::nullptr_t) noexcept': 'int'에서 'const std::shared_ptr<_Ty> &'에 대한 템플릿 인수를 추론할 수 없습니다.
      C:\Program Files\Microsoft Visual Studio\2022\Community\VC\Tools\MSVC\14.41.34120\include\memory(1901,17):
      또는       'bool std::operator >(const std::shared_ptr<_Ty> &,const std::shared_ptr<_Ty0> &) noexcept'
          C:\Users\kth00\Documents\GitHub\Algorithm\DS\lab3\Lab03-3\QueueType.h(117,13):
          'bool std::operator >(const std::shared_ptr<_Ty> &,const std::shared_ptr<_Ty0> &) noexcept': 'int'에서 'const std::shared_ptr<_Ty> &'에 대한 템플릿 인수를 추론할 수 없습니다.
      C:\Program Files\Microsoft Visual Studio\2022\Community\VC\Tools\MSVC\14.41.34120\include\xstring(3312,17):
      또는       'bool std::operator >(const std::basic_string<_Elem,_Traits,_Alloc> &,const _Elem *const ) noexcept'
          C:\Users\kth00\Documents\GitHub\Algorithm\DS\lab3\Lab03-3\QueueType.h(117,13):
          'bool std::operator >(const std::basic_string<_Elem,_Traits,_Alloc> &,const _Elem *const ) noexcept': 'int'에서 'const std::basic_string<_Elem,_Traits,_Alloc> &'에 대한 템플릿 인수를 추론할 수 없습니다.
      C:\Program Files\Microsoft Visual Studio\2022\Community\VC\Tools\MSVC\14.41.34120\include\xstring(3306,17):
      또는       'bool std::operator >(const _Elem *const ,const std::basic_string<_Elem,_Traits,_Alloc> &) noexcept'
          C:\Users\kth00\Documents\GitHub\Algorithm\DS\lab3\Lab03-3\QueueType.h(117,13):
          'bool std::operator >(const _Elem *const ,const std::basic_string<_Elem,_Traits,_Alloc> &) noexcept': 'int'에서 'const _Elem *const '에 대한 템플릿 인수를 추론할 수 없습니다.
      C:\Program Files\Microsoft Visual Studio\2022\Community\VC\Tools\MSVC\14.41.34120\include\xstring(3300,17):
      또는       'bool std::operator >(const std::basic_string<_Elem,_Traits,_Alloc> &,const std::basic_string<_Elem,_Traits,_Alloc> &) noexcept'
          C:\Users\kth00\Documents\GitHub\Algorithm\DS\lab3\Lab03-3\QueueType.h(117,13):
          'bool std::operator >(const std::basic_string<_Elem,_Traits,_Alloc> &,const std::basic_string<_Elem,_Traits,_Alloc> &) noexcept': 'int'에서 'const std::basic_string<_Elem,_Traits,_Alloc> &'에 대한 템플릿 인수를 추론할 수 없습니다.
      C:\Program Files\Microsoft Visual Studio\2022\Community\VC\Tools\MSVC\14.41.34120\include\xutility(4408,30):
      또는       'bool std::operator >(const std::move_iterator<_Iter> &,const std::move_iterator<_Iter2> &) noexcept(<expr>)'
          C:\Users\kth00\Documents\GitHub\Algorithm\DS\lab3\Lab03-3\QueueType.h(117,13):
          'bool std::operator >(const std::move_iterator<_Iter> &,const std::move_iterator<_Iter2> &) noexcept(<expr>)': 'int'에서 'const std::move_iterator<_Iter> &'에 대한 템플릿 인수를 추론할 수 없습니다.
      C:\Program Files\Microsoft Visual Studio\2022\Community\VC\Tools\MSVC\14.41.34120\include\xutility(1865,5):
      또는       'bool std::operator >(const std::reverse_iterator<_BidIt> &,const std::reverse_iterator<_BidIt2> &) noexcept(<expr>)'
          C:\Users\kth00\Documents\GitHub\Algorithm\DS\lab3\Lab03-3\QueueType.h(117,13):
          'bool std::operator >(const std::reverse_iterator<_BidIt> &,const std::reverse_iterator<_BidIt2> &) noexcept(<expr>)': 'int'에서 'const std::reverse_iterator<_BidIt> &'에 대한 템플릿 인수를 추론할 수 없습니다.
      C:\Program Files\Microsoft Visual Studio\2022\Community\VC\Tools\MSVC\14.41.34120\include\utility(509,27):
      또는       'bool std::operator >(const std::pair<_Ty1,_Ty2> &,const std::pair<_Uty1,_Uty2> &)'
          C:\Users\kth00\Documents\GitHub\Algorithm\DS\lab3\Lab03-3\QueueType.h(117,13):
          'bool std::operator >(const std::pair<_Ty1,_Ty2> &,const std::pair<_Uty1,_Uty2> &)': 'int'에서 'const std::pair<_Ty1,_Ty2> &'에 대한 템플릿 인수를 추론할 수 없습니다.
  
C:\Users\kth00\Documents\GitHub\Algorithm\DS\lab3\Lab03-3\QueueType.h(118,29): error C2440: '=': 'ItemType'에서 'int'(으)로 변환할 수 없습니다.
C:\Users\kth00\Documents\GitHub\Algorithm\DS\lab3\Lab03-3\QueueType.h(118,29): error C2440:         with
C:\Users\kth00\Documents\GitHub\Algorithm\DS\lab3\Lab03-3\QueueType.h(118,29): error C2440:         [
C:\Users\kth00\Documents\GitHub\Algorithm\DS\lab3\Lab03-3\QueueType.h(118,29): error C2440:             ItemType=task
C:\Users\kth00\Documents\GitHub\Algorithm\DS\lab3\Lab03-3\QueueType.h(118,29): error C2440:         ]
  (소스 파일 '../Lab03-3/Lab03_3.cpp'을(를) 컴파일하는 중)
      C:\Users\kth00\Documents\GitHub\Algorithm\DS\lab3\Lab03-3\QueueType.h(118,29):
      이 변환을 수행할 수 있는 사용 가능한 사용자 정의 변환 연산자가 없거나 연산자를 호출할 수 없습니다.
  
C:\Users\kth00\Documents\GitHub\Algorithm\DS\lab3\Lab03-3\QueueType.h(122,5): error C2679: 이항 '=': 오른쪽 피연산자로 'int' 형식을 사용하는 연산자가 없거나 허용되는 변환이 없습니다.
  (소스 파일 '../Lab03-3/Lab03_3.cpp'을(를) 컴파일하는 중)
      C:\Users\kth00\Documents\GitHub\Algorithm\DS\lab3\Lab03-3\QueueType.h(23,1):
      'task &task::operator =(task &&)'일 수 있습니다.
          C:\Users\kth00\Documents\GitHub\Algorithm\DS\lab3\Lab03-3\QueueType.h(122,5):
          'task &task::operator =(task &&)': 인수 2을(를) 'int'에서 'task &&'(으)로 변환할 수 없습니다.
              C:\Users\kth00\Documents\GitHub\Algorithm\DS\lab3\Lab03-3\QueueType.h(122,11):
              원인: 'int'에서 'task'(으)로 변환할 수 없습니다.
              C:\Users\kth00\Documents\GitHub\Algorithm\DS\lab3\Lab03-3\QueueType.h(122,11):
              'task::task': 모든 인수 형식을 변환할 수 있는 오버로드된 함수가 없습니다.
                  C:\Users\kth00\Documents\GitHub\Algorithm\DS\lab3\Lab03-3\QueueType.h(23,1):
                  'task::task(task &&)'일 수 있습니다.
                      C:\Users\kth00\Documents\GitHub\Algorithm\DS\lab3\Lab03-3\QueueType.h(122,11):
                      'task::task(task &&)': 인수 1을(를) 'int'에서 'task &&'(으)로 변환할 수 없습니다.
                          C:\Users\kth00\Documents\GitHub\Algorithm\DS\lab3\Lab03-3\QueueType.h(122,11):
                          원인: 'int'에서 'task'(으)로 변환할 수 없습니다.
                          C:\Users\kth00\Documents\GitHub\Algorithm\DS\lab3\Lab03-3\QueueType.h(122,11):
                          변환하려면 둘째 사용자 정의 변환 연산자 또는 생성자가 있어야 합니다.
                  C:\Users\kth00\Documents\GitHub\Algorithm\DS\lab3\Lab03-3\QueueType.h(23,1):
                  또는       'task::task(const task &)'
                      C:\Users\kth00\Documents\GitHub\Algorithm\DS\lab3\Lab03-3\QueueType.h(122,11):
                      'task::task(const task &)': 인수 1을(를) 'int'에서 'const task &'(으)로 변환할 수 없습니다.
                          C:\Users\kth00\Documents\GitHub\Algorithm\DS\lab3\Lab03-3\QueueType.h(122,11):
                          원인: 'int'에서 'const task'(으)로 변환할 수 없습니다.
                          C:\Users\kth00\Documents\GitHub\Algorithm\DS\lab3\Lab03-3\QueueType.h(122,11):
                          변환하려면 둘째 사용자 정의 변환 연산자 또는 생성자가 있어야 합니다.
                  C:\Users\kth00\Documents\GitHub\Algorithm\DS\lab3\Lab03-3\QueueType.h(122,11):
                  인수 목록 '(int)'을(를) 일치시키는 동안
      C:\Users\kth00\Documents\GitHub\Algorithm\DS\lab3\Lab03-3\QueueType.h(23,1):
      또는       'task &task::operator =(const task &)'
          C:\Users\kth00\Documents\GitHub\Algorithm\DS\lab3\Lab03-3\QueueType.h(122,5):
          'task &task::operator =(const task &)': 인수 2을(를) 'int'에서 'const task &'(으)로 변환할 수 없습니다.
              C:\Users\kth00\Documents\GitHub\Algorithm\DS\lab3\Lab03-3\QueueType.h(122,11):
              원인: 'int'에서 'const task'(으)로 변환할 수 없습니다.
              C:\Users\kth00\Documents\GitHub\Algorithm\DS\lab3\Lab03-3\QueueType.h(122,11):
              'task::task': 모든 인수 형식을 변환할 수 있는 오버로드된 함수가 없습니다.
                  C:\Users\kth00\Documents\GitHub\Algorithm\DS\lab3\Lab03-3\QueueType.h(23,1):
                  'task::task(task &&)'일 수 있습니다.
                      C:\Users\kth00\Documents\GitHub\Algorithm\DS\lab3\Lab03-3\QueueType.h(122,11):
                      'task::task(task &&)': 인수 1을(를) 'int'에서 'task &&'(으)로 변환할 수 없습니다.
                          C:\Users\kth00\Documents\GitHub\Algorithm\DS\lab3\Lab03-3\QueueType.h(122,11):
                          원인: 'int'에서 'task'(으)로 변환할 수 없습니다.
                          C:\Users\kth00\Documents\GitHub\Algorithm\DS\lab3\Lab03-3\QueueType.h(122,11):
                          변환하려면 둘째 사용자 정의 변환 연산자 또는 생성자가 있어야 합니다.
                  C:\Users\kth00\Documents\GitHub\Algorithm\DS\lab3\Lab03-3\QueueType.h(23,1):
                  또는       'task::task(const task &)'
                      C:\Users\kth00\Documents\GitHub\Algorithm\DS\lab3\Lab03-3\QueueType.h(122,11):
                      'task::task(const task &)': 인수 1을(를) 'int'에서 'const task &'(으)로 변환할 수 없습니다.
                          C:\Users\kth00\Documents\GitHub\Algorithm\DS\lab3\Lab03-3\QueueType.h(122,11):
                          원인: 'int'에서 'const task'(으)로 변환할 수 없습니다.
                          C:\Users\kth00\Documents\GitHub\Algorithm\DS\lab3\Lab03-3\QueueType.h(122,11):
                          변환하려면 둘째 사용자 정의 변환 연산자 또는 생성자가 있어야 합니다.
                  C:\Users\kth00\Documents\GitHub\Algorithm\DS\lab3\Lab03-3\QueueType.h(122,11):
                  인수 목록 '(int)'을(를) 일치시키는 동안
      C:\Users\kth00\Documents\GitHub\Algorithm\DS\lab3\Lab03-3\QueueType.h(122,5):
      인수 목록 '(ItemType, int)'을(를) 일치시키는 동안
          with
          [
              ItemType=task
          ]
  
